<?xml version="1.0" encoding="utf-8" standalone="no"?>
<!--This file represents the results of running a test suite-->
<test-results name="F:\Project\2014巴展品牌Hall1多媒体导播系统\Client\Player\Test\bin\Debug\Test.dll" total="1" errors="0" failures="0" not-run="0" inconclusive="0" ignored="0" skipped="0" invalid="0" date="2014-01-16" time="18:14:40">
  <environment nunit-version="2.6.2.12296" clr-version="2.0.50727.5472" os-version="Microsoft Windows NT 6.1.7601 Service Pack 1" platform="Win32NT" cwd="C:\Program Files (x86)\NUnit 2.6.2\bin" machine-name="IWINAD-PC" user="ytx-003" user-domain="iwinad-PC" />
  <culture-info current-culture="zh-CN" current-uiculture="zh-CN" />
  <test-suite type="Assembly" name="F:\Project\2014巴展品牌Hall1多媒体导播系统\Client\Player\Test\bin\Debug\Test.dll" executed="True" result="Success" success="True" time="0.189" asserts="0">
    <results>
      <test-suite type="Namespace" name="Test" executed="True" result="Success" success="True" time="0.164" asserts="0">
        <results>
          <test-suite type="TestFixture" name="TestClass" executed="True" result="Success" success="True" time="0.161" asserts="0">
            <results>
              <test-suite type="ParameterizedTest" name="UpdateAllContentTest" executed="True" result="Success" success="True" time="0.148" asserts="0">
                <results>
                  <test-case name="Test.TestClass.UpdateAllContentTest()" executed="True" result="Success" success="True" time="0.138" asserts="0" />
                </results>
              </test-suite>
            </results>
          </test-suite>
        </results>
      </test-suite>
    </results>
  </test-suite>
</test-results>